TN:
SF:script/DeployTestnet.s.sol
DA:16,0
FN:16,MockUSDC.mint
FNDA:0,MockUSDC.mint
DA:17,0
DA:20,0
FN:20,MockUSDC.decimals
FNDA:0,MockUSDC.decimals
DA:21,0
DA:39,0
FN:39,DeployTestnet.run
FNDA:0,DeployTestnet.run
DA:40,0
DA:41,0
DA:43,0
DA:44,0
DA:46,0
DA:49,0
DA:50,0
DA:54,0
DA:55,0
DA:56,0
DA:57,0
DA:58,0
DA:61,0
DA:62,0
DA:63,0
DA:64,0
DA:67,0
DA:68,0
DA:71,0
DA:72,0
DA:75,0
DA:80,0
DA:83,0
DA:95,0
DA:102,0
DA:105,0
DA:106,0
DA:110,0
DA:113,0
DA:114,0
DA:117,0
DA:118,0
DA:119,0
DA:120,0
DA:122,0
DA:125,0
DA:126,0
DA:127,0
DA:128,0
DA:129,0
DA:130,0
DA:131,0
DA:132,0
DA:133,0
DA:134,0
DA:135,0
DA:136,0
DA:137,0
DA:138,0
DA:139,0
DA:140,0
DA:141,0
DA:142,0
DA:143,0
DA:144,0
DA:145,0
DA:146,0
FNF:3
FNH:0
LF:62
LH:0
BRF:0
BRH:0
end_of_record
TN:
SF:src/KanaVault.sol
DA:58,26
FN:58,KanaVault.constructor
FNDA:26,KanaVault.constructor
DA:67,26
BRDA:67,0,0,-
DA:68,26
BRDA:68,1,0,-
DA:70,26
DA:71,26
DA:78,30
FN:78,KanaVault.setStrategy
FNDA:30,KanaVault.setStrategy
DA:79,29
BRDA:79,2,0,1
DA:80,28
BRDA:80,3,0,1
DA:82,27
DA:85,27
BRDA:85,4,0,2
DA:86,2
DA:87,2
BRDA:87,5,0,1
DA:88,1
DA:91,2
DA:94,27
DA:97,27
DA:100,27
DA:101,27
BRDA:101,6,0,1
DA:102,1
DA:103,1
DA:106,27
DA:112,5
FN:112,KanaVault.harvest
FNDA:5,KanaVault.harvest
DA:113,4
BRDA:113,7,0,1
DA:116,3
DA:118,3
BRDA:118,8,0,2
DA:120,2
DA:122,2
BRDA:122,9,0,2
DA:124,2
DA:125,2
DA:128,2
DA:130,2
DA:137,7
FN:137,KanaVault.totalAssets
FNDA:7,KanaVault.totalAssets
DA:138,34
DA:140,34
BRDA:140,10,0,34
DA:141,34
DA:144,34
DA:148,16
FN:148,KanaVault._deposit
FNDA:16,KanaVault._deposit
DA:154,16
DA:157,16
BRDA:157,11,0,16
DA:158,16
DA:159,16
DA:164,5
FN:164,KanaVault._withdraw
FNDA:5,KanaVault._withdraw
DA:171,5
DA:173,5
BRDA:173,12,0,5
DA:174,5
DA:175,5
DA:176,5
DA:178,5
BRDA:178,13,0,5
DA:179,5
DA:183,5
DA:189,2
FN:189,KanaVault.setPerformanceFee
FNDA:2,KanaVault.setPerformanceFee
DA:190,2
BRDA:190,14,0,1
DA:191,1
DA:192,1
DA:193,1
DA:197,2
FN:197,KanaVault.setFeeRecipient
FNDA:2,KanaVault.setFeeRecipient
DA:198,2
BRDA:198,15,0,1
DA:199,1
DA:200,1
DA:201,1
FNF:8
FNH:8
LF:60
LH:60
BRF:16
BRH:14
end_of_record
TN:
SF:src/USDCStrategy.sol
DA:101,6
FN:101,USDCStrategy.onlyVault
FNDA:6,USDCStrategy.onlyVault
DA:102,6
BRDA:102,0,0,1
DA:124,41
FN:124,USDCStrategy.constructor
FNDA:41,USDCStrategy.constructor
DA:131,41
BRDA:131,1,0,1
DA:132,40
BRDA:132,2,0,1
DA:134,39
DA:135,39
DA:136,39
DA:137,39
DA:138,39
DA:139,39
DA:140,39
DA:141,39
DA:143,39
DA:144,39
DA:145,39
DA:146,39
DA:149,39
DA:150,39
DA:151,39
DA:157,272
FN:157,USDCStrategy.deposit
FNDA:272,USDCStrategy.deposit
DA:158,271
DA:159,271
DA:163,6
FN:163,USDCStrategy.withdraw
FNDA:6,USDCStrategy.withdraw
DA:164,5
DA:165,5
DA:166,5
DA:170,3
FN:170,USDCStrategy.harvest
FNDA:3,USDCStrategy.harvest
DA:171,2
DA:172,2
DA:176,265
FN:176,USDCStrategy.balanceOf
FNDA:265,USDCStrategy.balanceOf
DA:177,265
DA:181,1
FN:181,USDCStrategy.asset
FNDA:1,USDCStrategy.asset
DA:182,1
DA:188,273
FN:188,USDCStrategy._deployToProtocols
FNDA:273,USDCStrategy._deployToProtocols
DA:189,273
DA:190,273
DA:191,273
DA:193,273
BRDA:193,3,0,272
DA:194,272
DA:197,273
BRDA:197,4,0,272
DA:198,272
DA:199,272
BRDA:199,5,0,-
DA:202,273
BRDA:202,6,0,272
DA:203,272
DA:210,5
FN:210,USDCStrategy._withdrawFromProtocols
FNDA:5,USDCStrategy._withdrawFromProtocols
DA:211,5
DA:212,5
BRDA:212,7,0,1
DA:215,4
DA:216,4
DA:217,4
DA:219,4
DA:220,4
DA:221,4
DA:223,4
BRDA:223,8,0,4
DA:224,4
DA:225,4
DA:228,4
BRDA:228,9,0,4
DA:229,4
DA:230,4
DA:231,4
BRDA:231,10,0,-
DA:234,4
BRDA:234,11,0,4
DA:235,4
DA:236,4
DA:243,2
FN:243,USDCStrategy._harvestAll
FNDA:2,USDCStrategy._harvestAll
DA:244,2
DA:249,2
BRDA:249,12,0,1
DA:250,1
DA:251,1
DA:252,1
BRDA:252,13,0,-
DA:253,0
DA:258,2
BRDA:258,14,0,-
DA:259,0
DA:260,0
BRDA:260,15,0,-
DA:261,0
DA:266,2
DA:267,2
DA:269,2
BRDA:269,16,0,-
DA:270,0
DA:276,0
FN:276,USDCStrategy._swap
FNDA:0,USDCStrategy._swap
DA:281,0
BRDA:281,17,0,-
DA:283,0
DA:285,0
DA:296,279
FN:296,USDCStrategy._yeiBalance
FNDA:279,USDCStrategy._yeiBalance
DA:297,279
DA:300,279
FN:300,USDCStrategy._takaraBalance
FNDA:279,USDCStrategy._takaraBalance
DA:301,279
DA:302,279
BRDA:302,18,0,4
DA:303,275
DA:304,275
DA:307,279
FN:307,USDCStrategy._morphoBalance
FNDA:279,USDCStrategy._morphoBalance
DA:308,279
DA:311,273
FN:311,USDCStrategy._totalBalance
FNDA:273,USDCStrategy._totalBalance
DA:312,273
DA:313,273
DA:322,5
FN:322,USDCStrategy.setSplits
FNDA:5,USDCStrategy.setSplits
DA:327,4
BRDA:327,19,0,1
DA:329,3
DA:330,3
DA:331,3
DA:333,3
DA:337,4
FN:337,USDCStrategy.rebalance
FNDA:4,USDCStrategy.rebalance
DA:338,3
DA:339,3
BRDA:339,20,0,1
DA:342,2
DA:343,2
DA:344,2
DA:346,2
BRDA:346,21,0,2
DA:347,2
BRDA:347,22,0,2
DA:348,2
DA:349,2
BRDA:349,23,0,-
DA:351,2
BRDA:351,24,0,2
DA:354,2
DA:355,2
BRDA:355,25,0,2
DA:356,2
DA:359,2
DA:365,3
FN:365,USDCStrategy.setVault
FNDA:3,USDCStrategy.setVault
DA:366,3
BRDA:366,26,0,1
DA:367,2
DA:368,2
DA:369,2
DA:373,2
FN:373,USDCStrategy.setTakaraRewardConfig
FNDA:2,USDCStrategy.setTakaraRewardConfig
DA:377,2
DA:378,2
DA:382,1
FN:382,USDCStrategy.setMorphoRewardConfig
FNDA:1,USDCStrategy.setMorphoRewardConfig
DA:386,1
DA:387,1
DA:391,1
FN:391,USDCStrategy.setMorphoMaxIterations
FNDA:1,USDCStrategy.setMorphoMaxIterations
DA:392,1
DA:396,1
FN:396,USDCStrategy.setRouter
FNDA:1,USDCStrategy.setRouter
DA:397,1
DA:403,3
FN:403,USDCStrategy.rescueToken
FNDA:3,USDCStrategy.rescueToken
DA:404,2
BRDA:404,27,0,1
DA:405,1
FNF:23
FNH:22
LF:134
LH:125
BRF:28
BRH:20
end_of_record
TN:
SF:src/mocks/MockLendingProtocols.sol
DA:23,39
FN:23,MockAToken.constructor.0
FNDA:39,MockAToken.constructor.0
DA:24,39
DA:25,39
DA:26,39
DA:29,0
FN:29,MockAToken.setApr.0
FNDA:0,MockAToken.setApr.0
DA:30,0
DA:31,0
DA:34,278
FN:34,MockAToken._accrueInterest.0
FNDA:278,MockAToken._accrueInterest.0
DA:35,278
BRDA:35,0,0,271
DA:36,271
DA:37,271
DA:40,7
DA:41,7
BRDA:41,1,0,-
DA:43,0
DA:44,0
BRDA:44,2,0,-
DA:45,0
DA:47,0
DA:52,272
FN:52,MockAToken.mintTo
FNDA:272,MockAToken.mintTo
DA:53,272
DA:54,272
DA:57,6
FN:57,MockAToken.burnFrom
FNDA:6,MockAToken.burnFrom
DA:58,6
DA:59,6
DA:62,0
FN:62,MockAToken.getApr.0
FNDA:0,MockAToken.getApr.0
DA:63,0
DA:74,39
FN:74,MockYeiPool.setAToken
FNDA:39,MockYeiPool.setAToken
DA:75,39
DA:78,272
FN:78,MockYeiPool.supply.0
FNDA:272,MockYeiPool.supply.0
DA:84,272
DA:85,272
DA:88,6
FN:88,MockYeiPool.withdraw.0
FNDA:6,MockYeiPool.withdraw.0
DA:93,6
DA:94,6
DA:95,6
DA:96,6
DA:99,0
FN:99,MockYeiPool.setApr.1
FNDA:0,MockYeiPool.setApr.1
DA:100,0
DA:116,39
FN:116,MockCToken.constructor.1
FNDA:39,MockCToken.constructor.1
DA:117,39
DA:118,39
DA:119,39
DA:120,39
DA:123,0
FN:123,MockCToken.setApr.2
FNDA:0,MockCToken.setApr.2
DA:124,0
DA:125,0
DA:128,278
FN:128,MockCToken._accrueInterest.1
FNDA:278,MockCToken._accrueInterest.1
DA:129,278
DA:130,278
BRDA:130,3,0,-
BRDA:130,3,1,278
DA:131,0
DA:132,0
DA:133,0
DA:135,278
DA:139,272
FN:139,MockCToken.mint
FNDA:272,MockCToken.mint
DA:140,272
DA:141,272
DA:143,272
DA:144,272
DA:145,272
DA:148,6
FN:148,MockCToken.redeemUnderlying
FNDA:6,MockCToken.redeemUnderlying
DA:149,6
DA:151,6
DA:152,6
DA:153,6
DA:154,6
DA:158,279
FN:158,MockCToken.balanceOf
FNDA:279,MockCToken.balanceOf
DA:159,279
DA:162,0
FN:162,MockCToken.balanceOfUnderlying
FNDA:0,MockCToken.balanceOfUnderlying
DA:163,0
DA:164,0
DA:167,0
FN:167,MockCToken.getApr.1
FNDA:0,MockCToken.getApr.1
DA:168,0
DA:177,39
FN:177,MockComptroller.setCompToken
FNDA:39,MockComptroller.setCompToken
DA:178,39
DA:181,1
FN:181,MockComptroller.claimComp
FNDA:1,MockComptroller.claimComp
DA:185,0
FN:185,MockComptroller.getCompAddress
FNDA:0,MockComptroller.getCompAddress
DA:186,0
DA:199,0
FN:199,MockMorpho.setApr.3
FNDA:0,MockMorpho.setApr.3
DA:200,0
DA:203,272
FN:203,MockMorpho.supply.1
FNDA:272,MockMorpho.supply.1
DA:209,272
DA:212,272
DA:214,272
DA:215,272
DA:217,272
DA:220,6
FN:220,MockMorpho.withdraw.1
FNDA:6,MockMorpho.withdraw.1
DA:227,6
DA:229,6
DA:230,6
DA:232,6
DA:233,6
DA:235,6
DA:238,278
FN:238,MockMorpho._accrueInterest.2
FNDA:278,MockMorpho._accrueInterest.2
DA:239,278
DA:240,278
BRDA:240,4,0,271
DA:242,7
DA:243,7
BRDA:243,5,0,-
DA:244,0
DA:245,0
DA:246,0
DA:247,0
DA:251,0
FN:251,MockMorpho.getApr.2
FNDA:0,MockMorpho.getApr.2
DA:252,0
DA:261,0
FN:261,MockRouter.swapExactTokensForTokens
FNDA:0,MockRouter.swapExactTokensForTokens
DA:268,0
BRDA:268,6,0,-
BRDA:268,6,1,-
DA:270,0
DA:272,0
DA:274,0
DA:275,0
DA:276,0
DA:279,0
FN:279,MockRouter.getAmountsOut
FNDA:0,MockRouter.getAmountsOut
DA:283,0
DA:285,0
DA:286,0
DA:291,0
FN:291,MockRouter.fund
FNDA:0,MockRouter.fund
DA:292,0
FNF:29
FNH:17
LF:115
LH:70
BRF:9
BRH:3
end_of_record
TN:
SF:test/USDCStrategy.t.sol
DA:12,412
FN:12,MockUSDC.mint.0
FNDA:412,MockUSDC.mint.0
DA:13,412
DA:16,0
FN:16,MockUSDC.decimals
FNDA:0,MockUSDC.decimals
DA:17,0
DA:24,2
FN:24,MockRewardToken.mint.1
FNDA:2,MockRewardToken.mint.1
DA:25,2
FNF:3
FNH:2
LF:6
LH:4
BRF:0
BRH:0
end_of_record
TN:
SF:test/mocks/MockERC20.sol
DA:11,26
FN:11,MockERC20.constructor
FNDA:26,MockERC20.constructor
DA:12,26
DA:15,54
FN:15,MockERC20.mint
FNDA:54,MockERC20.mint
DA:16,54
DA:19,0
FN:19,MockERC20.burn
FNDA:0,MockERC20.burn
DA:20,0
DA:23,26
FN:23,MockERC20.decimals
FNDA:26,MockERC20.decimals
DA:24,26
FNF:4
FNH:3
LF:8
LH:6
BRF:0
BRH:0
end_of_record
TN:
SF:test/mocks/MockStrategy.sol
DA:18,29
FN:18,MockStrategy.constructor
FNDA:29,MockStrategy.constructor
DA:19,29
DA:22,17
FN:22,MockStrategy.deposit
FNDA:17,MockStrategy.deposit
DA:23,17
DA:26,8
FN:26,MockStrategy.withdraw
FNDA:8,MockStrategy.withdraw
DA:27,8
DA:28,8
DA:31,3
FN:31,MockStrategy.harvest
FNDA:3,MockStrategy.harvest
DA:32,3
DA:33,3
BRDA:33,0,0,2
DA:34,2
DA:35,2
DA:39,47
FN:39,MockStrategy.balanceOf
FNDA:47,MockStrategy.balanceOf
DA:40,47
DA:43,28
FN:43,MockStrategy.asset
FNDA:28,MockStrategy.asset
DA:44,28
DA:49,2
FN:49,MockStrategy.simulateYield
FNDA:2,MockStrategy.simulateYield
DA:50,2
FNF:7
FNH:7
LF:18
LH:18
BRF:1
BRH:1
end_of_record
